Start testing: Jan 25 15:35 CST
----------------------------------------------------------
1/2 Testing: database_project_csv_data_loader_test
1/2 Test: database_project_csv_data_loader_test
Command: "/home/screamovo/Bytedance-database-project-main/build/test/lab1/csv_data_loader_test"
Directory: /home/screamovo/Bytedance-database-project-main/build/test/lab1
"database_project_csv_data_loader_test" start time: Jan 25 15:35 CST
Output:
----------------------------------------------------------
Running main() from /tmp/tmp_download/googletest/googletest/src/gtest_main.cc
[==========] Running 1 test from 1 test suite.
[----------] Global test environment set-up.
[----------] 1 test from CsvDataLoaderTest
[ RUN      ] CsvDataLoaderTest.BasicTest
[       OK ] CsvDataLoaderTest.BasicTest (1 ms)
[----------] 1 test from CsvDataLoaderTest (1 ms total)

[----------] Global test environment tear-down
[==========] 1 test from 1 test suite ran. (1 ms total)
[  PASSED  ] 1 test.
<end of output>
Test time =   0.10 sec
----------------------------------------------------------
Test Passed.
"database_project_csv_data_loader_test" end time: Jan 25 15:35 CST
"database_project_csv_data_loader_test" time elapsed: 00:00:00
----------------------------------------------------------

2/2 Testing: database_project_lab1_test
2/2 Test: database_project_lab1_test
Command: "/home/screamovo/Bytedance-database-project-main/build/test/lab1/lab1_test"
Directory: /home/screamovo/Bytedance-database-project-main/build/test/lab1
"database_project_lab1_test" start time: Jan 25 15:35 CST
Output:
----------------------------------------------------------
Running main() from /tmp/tmp_download/googletest/googletest/src/gtest_main.cc
[==========] Running 2 tests from 1 test suite.
[----------] Global test environment set-up.
[----------] 2 tests from Lab1Test
[ RUN      ] Lab1Test.TestRowTable
[       OK ] Lab1Test.TestRowTable (0 ms)
[ RUN      ] Lab1Test.TestColumnTable
[       OK ] Lab1Test.TestColumnTable (0 ms)
[----------] 2 tests from Lab1Test (1 ms total)

[----------] Global test environment tear-down
[==========] 2 tests from 1 test suite ran. (1 ms total)
[  PASSED  ] 2 tests.
<end of output>
Test time =   0.10 sec
----------------------------------------------------------
Test Passed.
"database_project_lab1_test" end time: Jan 25 15:35 CST
"database_project_lab1_test" time elapsed: 00:00:00
----------------------------------------------------------

End testing: Jan 25 15:35 CST
